1590496070854	mozrunner::runner	INFO	Running command: "C:\\Program Files\\Mozilla Firefox\\firefox.exe" "-marionette" "-foreground" "-no-remote" "-profile" "C:\\Users\\Truls\\AppData\\Local\\Temp\\rust_mozprofileXWhm58"
1590496071232	addons.webextension.screenshots@mozilla.org	WARN	Loading extension 'screenshots@mozilla.org': Reading manifest: Invalid extension permission: mozillaAddons
1590496071232	addons.webextension.screenshots@mozilla.org	WARN	Loading extension 'screenshots@mozilla.org': Reading manifest: Invalid extension permission: telemetry
1590496071232	addons.webextension.screenshots@mozilla.org	WARN	Loading extension 'screenshots@mozilla.org': Reading manifest: Invalid extension permission: resource://pdf.js/
1590496071232	addons.webextension.screenshots@mozilla.org	WARN	Loading extension 'screenshots@mozilla.org': Reading manifest: Invalid extension permission: about:reader*
JavaScript error: resource://gre/modules/XULStore.jsm, line 66: Error: Can't find profile directory.
1590496072778	Marionette	INFO	Listening on port 10619
1590496072865	Marionette	WARN	TLS certificate errors will be ignored for this session
JavaScript error: https://www.swixsport.com/no/klar/herre/jakker/blizzard-anorak-m/?code=7045952426310 line 1591 > scriptElement, line 1: ReferenceError: zE is not defined
JavaScript error: https://www.swixsport.com/no/klar/herre/jakker/dynamic-down-jacket-m/?code=7045952088426 line 1591 > scriptElement, line 1: ReferenceError: zE is not defined
JavaScript error: https://static.zdassets.com/web_widget/latest/preload.a63564f809614d56acd1.js, line 1: Error: Loading chunk vendors~web_widget failed.
(error: https://static.zdassets.com/web_widget/latest/vendors~web_widget.5142d22f0a694b11a33b.chunk.js)
JavaScript error: https://sta[Parent 34888, Gecko_IOThread] WARNING: pipe error: 109: file z:/task_1571244707/build/src/ipc/chromium/src/chrome/common/ipc_channel_win.cc, line 341
[Child 18512, Chrome_ChildThread] WARNING: pipe error: 109: file z:/task_1571244707/build/src/ipc/chromium/src/chrome/common/ipc_channel_win.cc, line 341
[C[Child 32544, Chrome_ChildThread] WARNING: pipe error: 109: file z:/task_1571244707/build/src/ipc/chromium/src/chrome/common/ipc_channel_win.cc, line 341
[Child 32544, Chrome_ChildThread] WARNING: pipe error: 109: file z:/task_1571244707/build/src/ipc/chromium/src/chrome/common/ipc_channel_win.cc, line 341
[Parent 34888, Gecko_IOThread] WARNING: pipe error: 109: file z:/task_1571244707/build/src/ipc/chromium/src/chrome/common/ipc_channel_win.cc, line 341
[Child 10804, Chrome_ChildThread] WARNING: pipe error: 109: file z:/task_1571244707/build/src/ipc/chromium/src/chrome/common/ipc_channel_win.cc, line 341
[Chi1590496317065	Marionette	INFO	Stopped listening on port 10480

###!!! [Child][RunMessage] Error: Channel closing: too late to send/recv, messages will be lost

[
###!!! [Child][MessageChannel::SendAndWait] Error: Channel error: cannot send/recv

.js, line 85: TypeError: this.$Loader is undefined
JavaScript error: https://static.zdassets.com/web_widget/latest/preload.a63564f809614d56acd1.js, line 1: Error: Loading chunk vendors~web_widget failed.
(error: https://static.zdassets.com/web_widget/latest/vendors~web_widget.5142d22f0a694b11a33b.chunk.js)
JavaScript error: https://static.zdassets.com/web_widget/latest/preload.a63564f809614d56acd1.js, line 1: Error: Loading chunk web_widget failed.
(error: https://static.zdassets.com/web_widget/latest/web_widget.6a0321a8896045d7d20e.chunk.js)
JavaScript error: resource://gre/modules/CertUtils.jsm, line 182: NS_ERROR_ABORT: Certificate issuer is not built-in.
[Parent 28908, Gecko_IOThread] WARNING: pipe error: 109: file z:/task_1571244707/build/src/ipc/chromium/src/chrome/common/ipc_channel_win.cc, line 341
[Parent 28908, Gecko_IOThread] WARNING: pipe error: 109: file z:/task_1571244707/build/src/ipc/chromium/src/chrome/common/ipc_channel_win.cc, line 341
[Child 18164, Chrome_ChildThread] WARNING: pipe error: 109: file z:/task_1571244707/build/src/ipc/c[hCrhiomium/src/chrome/commlon/ipc_channel_win.cc, lined 341 
26152, Ch[Crome_ChildThread] WARNING: pipe error: 109: file z:/task_1571244707/build/src/ipc/chromium/src/chrome/common/ipc_channel_win.cc, line 341
[Child 26152, Chrome[Parent 28908, Gecko_IOThread] WARNING: pipe error: 109: file z:/task_1571244707/build/src/ipc/chromium/src/chrome/common/ipc_channel_win.cc, line 341
1590500140574	Marionette	INFO	Stopped listening on port 10619

###!!! [Child][MessageChannel::SendAndWait] Error: Channel error: cannot send/recv

